mode: set
CleanArch/features/book/services/service.go:14.44,18.2 1 1
CleanArch/features/book/services/service.go:21.81,23.17 2 1
CleanArch/features/book/services/service.go:26.2,27.16 2 1
CleanArch/features/book/services/service.go:36.2,36.17 1 1
CleanArch/features/book/services/service.go:23.17,25.3 1 0
CleanArch/features/book/services/service.go:27.16,29.49 2 0
CleanArch/features/book/services/service.go:34.3,34.38 1 0
CleanArch/features/book/services/service.go:29.49,31.4 1 0
CleanArch/features/book/services/service.go:31.9,33.4 1 0
CleanArch/features/book/services/service.go:40.100,44.16 3 1
CleanArch/features/book/services/service.go:47.2,47.17 1 1
CleanArch/features/book/services/service.go:44.16,46.3 1 0
CleanArch/features/book/services/service.go:51.52,53.16 2 1
CleanArch/features/book/services/service.go:57.2,57.17 1 1
CleanArch/features/book/services/service.go:53.16,55.3 1 0
CleanArch/features/book/services/service.go:61.67,63.17 2 1
CleanArch/features/book/services/service.go:66.2,67.16 2 1
CleanArch/features/book/services/service.go:76.2,76.17 1 1
CleanArch/features/book/services/service.go:63.17,65.3 1 0
CleanArch/features/book/services/service.go:67.16,69.49 2 0
CleanArch/features/book/services/service.go:74.3,74.40 1 0
CleanArch/features/book/services/service.go:69.49,71.4 1 0
CleanArch/features/book/services/service.go:71.9,73.4 1 0
CleanArch/features/book/services/service.go:80.64,83.16 3 1
CleanArch/features/book/services/service.go:92.2,92.12 1 1
CleanArch/features/book/services/service.go:83.16,85.49 2 0
CleanArch/features/book/services/service.go:90.3,90.25 1 0
CleanArch/features/book/services/service.go:85.49,87.4 1 0
CleanArch/features/book/services/service.go:87.9,89.4 1 0
