mode: set
CleanArch/features/book/services/service.go:15.44,19.2 1 1
CleanArch/features/book/services/service.go:22.81,30.16 3 1
CleanArch/features/book/services/service.go:33.2,33.17 1 1
CleanArch/features/book/services/service.go:30.16,32.3 1 1
CleanArch/features/book/services/service.go:37.100,40.16 3 1
CleanArch/features/book/services/service.go:48.2,48.17 1 1
CleanArch/features/book/services/service.go:40.16,42.49 2 1
CleanArch/features/book/services/service.go:45.3,45.58 1 1
CleanArch/features/book/services/service.go:42.49,44.4 1 1
CleanArch/features/book/services/service.go:52.52,54.16 2 1
CleanArch/features/book/services/service.go:59.2,59.17 1 1
CleanArch/features/book/services/service.go:54.16,57.3 2 1
CleanArch/features/book/services/service.go:63.67,66.16 3 1
CleanArch/features/book/services/service.go:69.2,69.17 1 1
CleanArch/features/book/services/service.go:66.16,68.3 1 1
CleanArch/features/book/services/service.go:73.64,76.16 3 1
CleanArch/features/book/services/service.go:85.2,85.12 1 1
CleanArch/features/book/services/service.go:76.16,78.44 2 1
CleanArch/features/book/services/service.go:83.3,83.25 1 1
CleanArch/features/book/services/service.go:78.44,80.4 1 1
CleanArch/features/book/services/service.go:80.9,82.4 1 1
